<?xml version="1.0" encoding="UTF-8"?>
<testsuite xmlns:xsi="http://www.w3.org/2001/XMLSchema-instance" xsi:noNamespaceSchemaLocation="https://maven.apache.org/surefire/maven-failsafe-plugin/xsd/failsafe-test-report-3.0.xsd" version="3.0" name="runners.RunnerTestSuite" time="12.575" tests="1" errors="0" skipped="0" failures="0">
  <properties>
[...]
</properties>
  <testcase name="Completar el login con credenciales exitosas" classname="Funcionalidad de Login" time="12.158">
    <system-out><![CDATA[18:08:14.300 [main] DEBUG io.cucumber.core.plugin.SerenityReporter -- Running feature from file:///C:/automatizacion/serenity-cucumber-archetype/src/test/resources/features/Login/Login.feature
18:08:14.370 [main] INFO  -- 

-------------------------------------------------------------------------------------
     _______. _______ .______       _______ .__   __.  __  .___________.____    ____ 
    /       ||   ____||   _  \     |   ____||  \ |  | |  | |           |\   \  /   / 
   |   (----`|  |__   |  |_)  |    |  |__   |   \|  | |  | `---|  |----` \   \/   /  
    \   \    |   __|  |      /     |   __|  |  . `  | |  |     |  |       \_    _/   
.----)   |   |  |____ |  |\  \----.|  |____ |  |\   | |  |     |  |         |  |     
|_______/    |_______|| _| `._____||_______||__| \__| |__|     |__|         |__|    
                                                                                     
 News and tutorials at https://serenity-bdd.info                                     
 Documentation at https://serenity-bdd.github.io                                     
 Test Automation Training and Coaching: https://www.serenity-dojo.com                
 Commercial Support: https://www.serenity-dojo.com/serenity-bdd-enterprise-support   
 Join the Serenity Community on Gitter: https://gitter.im/serenity-bdd/serenity-core 
-------------------------------------------------------------------------------------

18:08:14.375 [main] DEBUG net.thucydides.core.steps.StepEventBus -- Test suite started for story net.thucydides.model.domain.Story@44ad2060
18:08:14.377 [main] INFO  -- Test Suite Started: Funcionalidad de Login
18:08:14.451 [main] DEBUG io.cucumber.core.plugin.SerenityReporter -- Running feature from file:///C:/automatizacion/serenity-cucumber-archetype/src/test/resources/features/Login/Login.feature
18:08:14.456 [main] DEBUG net.thucydides.core.steps.StepEventBus -- Test suite started for story net.thucydides.model.domain.Story@44ad2060
18:08:14.456 [main] INFO  -- Test Suite Started: Funcionalidad de Login
18:08:14.524 [main] DEBUG io.cucumber.core.plugin.SerenityReporter -- Running feature from file:///C:/automatizacion/serenity-cucumber-archetype/src/test/resources/features/Login/Login.feature
18:08:14.655 [main] INFO  -- 
  _____   ___   ___   _____     ___   _____     _     ___   _____   ___   ___  
 |_   _| | __| / __| |_   _|   / __| |_   _|   /_\   | _ \ |_   _| | __| |   \ 
   | |   | _|  \__ \   | |     \__ \   | |    / _ \  |   /   | |   | _|  | |) |
   |_|   |___| |___/   |_|     |___/   |_|   /_/ \_\ |_|_\   |_|   |___| |___/ 

Completar el login con credenciales exitosas(funcionalidad-de-login;completar-el-login-con-credenciales-exitosas)
--------------------------------------------------------------------------------
18:08:15.158 [main] DEBUG net.thucydides.core.steps.StepInterceptor -- STARTING STEP: CompleteLoginSuccessfulSteps.openPagesSauceDemo - {0} opens the #pageName page
18:08:15.244 [main] INFO net.serenitybdd.core.webdriver.driverproviders.ChromeDriverProvider -- Starting Chrome driver instance with capabilities:
18:08:15.247 [main] INFO net.serenitybdd.core.webdriver.driverproviders.ChromeDriverProvider -- Capabilities {acceptInsecureCerts: false, browserName: chrome, goog:chromeOptions: {args: [remote-allow-origins=*], extensions: []}}
18:08:19.012 [main] DEBUG net.serenitybdd.core.photography.Darkroom -- Opening darkroom
18:08:19.014 [Darkroom Processing Line] DEBUG net.serenitybdd.core.photography.DarkroomProcessingLine -- Darkroom processing line starting up
18:08:22.094 [main] DEBUG net.serenitybdd.core.photography.Darkroom -- Send negative for processing for C:\automatizacion\serenity-cucumber-archetype\target\site\serenity\48a1b67f1c95d483fa923255dbb24da7d8049b9cbdc55edadb9b380dc95060a2.png
18:08:22.094 [Darkroom Processing Line] DEBUG net.serenitybdd.core.photography.DarkroomProcessingLine -- Processing screenshot image in /var/screenshots/screenshot-2617130877602813270
18:08:22.094 [Darkroom Processing Line] DEBUG net.serenitybdd.core.photography.DarkroomProcessingLine -- Saving screenshot to C:\automatizacion\serenity-cucumber-archetype\target\site\serenity\48a1b67f1c95d483fa923255dbb24da7d8049b9cbdc55edadb9b380dc95060a2.png
18:08:22.096 [main] DEBUG net.thucydides.core.steps.StepInterceptor -- STEP DONE: {0} opens the #pageName page
18:08:22.106 [main] DEBUG net.thucydides.core.steps.StepInterceptor -- STARTING STEP: CompleteLoginSuccessfulSteps.openPagesSauceDemo - performAs
18:08:22.312 [main] DEBUG net.serenitybdd.core.photography.Darkroom -- Send negative for processing for C:\automatizacion\serenity-cucumber-archetype\target\site\serenity\525d01173adaf903690cf9b070a12839e040d33b93e50ac16adc5dc42f5f68c2.png
18:08:22.313 [Darkroom Processing Line] DEBUG net.serenitybdd.core.photography.DarkroomProcessingLine -- Processing screenshot image in /var/screenshots/screenshot-15194418973173077641
18:08:22.313 [main] DEBUG net.thucydides.core.steps.StepInterceptor -- STEP DONE: performAs
18:08:22.313 [Darkroom Processing Line] DEBUG net.serenitybdd.core.photography.DarkroomProcessingLine -- Saving screenshot to C:\automatizacion\serenity-cucumber-archetype\target\site\serenity\525d01173adaf903690cf9b070a12839e040d33b93e50ac16adc5dc42f5f68c2.png
18:08:22.794 [main] DEBUG net.serenitybdd.core.photography.Darkroom -- Send negative for processing for C:\automatizacion\serenity-cucumber-archetype\target\site\serenity\525d01173adaf903690cf9b070a12839e040d33b93e50ac16adc5dc42f5f68c2.png
18:08:22.795 [main] DEBUG net.thucydides.core.steps.StepInterceptor -- STARTING STEP: CompleteLoginSuccessfulTask.performAs - {0} enters #theTextAsAString into #target
18:08:23.062 [main] DEBUG net.serenitybdd.screenplay.targets.IFrameSwitcher -- default content already selected for Campo de usename
18:08:23.979 [main] DEBUG net.serenitybdd.core.photography.Darkroom -- Send negative for processing for C:\automatizacion\serenity-cucumber-archetype\target\site\serenity\32a40cb4927801d26c49dab655a60da79438433880e36317df21fa3ab2418391.png
18:08:23.980 [main] DEBUG net.thucydides.core.steps.StepInterceptor -- STEP DONE: {0} enters #theTextAsAString into #target
18:08:23.980 [Darkroom Processing Line] DEBUG net.serenitybdd.core.photography.DarkroomProcessingLine -- Processing screenshot image in /var/screenshots/screenshot-5391802125161033770
18:08:23.980 [Darkroom Processing Line] DEBUG net.serenitybdd.core.photography.DarkroomProcessingLine -- Saving screenshot to C:\automatizacion\serenity-cucumber-archetype\target\site\serenity\32a40cb4927801d26c49dab655a60da79438433880e36317df21fa3ab2418391.png
18:08:23.985 [main] DEBUG net.thucydides.core.steps.StepInterceptor -- STARTING STEP: CompleteLoginSuccessfulTask.performAs - {0} enters #theTextAsAString into #target
18:08:23.994 [main] DEBUG net.serenitybdd.screenplay.targets.IFrameSwitcher -- default content already selected for Campo de password
18:08:24.265 [main] DEBUG net.serenitybdd.core.photography.Darkroom -- Send negative for processing for C:\automatizacion\serenity-cucumber-archetype\target\site\serenity\f763e962191451b940524efbecd82a80deeff1660a31e57f67e398e95eab4b5f.png
18:08:24.265 [main] DEBUG net.thucydides.core.steps.StepInterceptor -- STEP DONE: {0} enters #theTextAsAString into #target
18:08:24.265 [Darkroom Processing Line] DEBUG net.serenitybdd.core.photography.DarkroomProcessingLine -- Processing screenshot image in /var/screenshots/screenshot-2271536279365222936
18:08:24.265 [Darkroom Processing Line] DEBUG net.serenitybdd.core.photography.DarkroomProcessingLine -- Saving screenshot to C:\automatizacion\serenity-cucumber-archetype\target\site\serenity\f763e962191451b940524efbecd82a80deeff1660a31e57f67e398e95eab4b5f.png
18:08:24.270 [main] DEBUG net.thucydides.core.steps.StepInterceptor -- STARTING STEP: CompleteLoginSuccessfulTask.performAs - {0} clicks on #target
18:08:24.285 [main] DEBUG net.serenitybdd.screenplay.targets.IFrameSwitcher -- default content already selected for Botón de Login
18:08:25.644 [main] DEBUG net.serenitybdd.core.photography.Darkroom -- Send negative for processing for C:\automatizacion\serenity-cucumber-archetype\target\site\serenity\486e1bc9a716944c37a002217db37f34fa70007ead3bb1c97e0f358ee73903e5.png
18:08:25.644 [Darkroom Processing Line] DEBUG net.serenitybdd.core.photography.DarkroomProcessingLine -- Processing screenshot image in /var/screenshots/screenshot-12665856598131196623
18:08:25.644 [main] DEBUG net.thucydides.core.steps.StepInterceptor -- STEP DONE: {0} clicks on #target
18:08:25.644 [Darkroom Processing Line] DEBUG net.serenitybdd.core.photography.DarkroomProcessingLine -- Saving screenshot to C:\automatizacion\serenity-cucumber-archetype\target\site\serenity\486e1bc9a716944c37a002217db37f34fa70007ead3bb1c97e0f358ee73903e5.png
18:08:25.668 [main] DEBUG net.serenitybdd.screenplay.targets.IFrameSwitcher -- default content already selected for Texto de Products
18:08:25.829 [main] DEBUG net.serenitybdd.core.photography.Darkroom -- Send negative for processing for C:\automatizacion\serenity-cucumber-archetype\target\site\serenity\486e1bc9a716944c37a002217db37f34fa70007ead3bb1c97e0f358ee73903e5.png
18:08:26.099 [main] DEBUG net.serenitybdd.core.photography.Darkroom -- Send negative for processing for C:\automatizacion\serenity-cucumber-archetype\target\site\serenity\486e1bc9a716944c37a002217db37f34fa70007ead3bb1c97e0f358ee73903e5.png
18:08:26.107 [main] DEBUG net.serenitybdd.screenplay.targets.IFrameSwitcher -- default content already selected for Texto de Swag Labs
18:08:26.150 [main] DEBUG net.serenitybdd.screenplay.targets.IFrameSwitcher -- default content already selected for Texto de Products
18:08:26.308 [main] DEBUG net.serenitybdd.core.photography.Darkroom -- Send negative for processing for C:\automatizacion\serenity-cucumber-archetype\target\site\serenity\486e1bc9a716944c37a002217db37f34fa70007ead3bb1c97e0f358ee73903e5.png
18:08:26.318 [main] INFO  -- 
  _____   ___   ___   _____     ___     _     ___   ___   ___   ___  
 |_   _| | __| / __| |_   _|   | _ \   /_\   / __| / __| | __| |   \ 
   | |   | _|  \__ \   | |     |  _/  / _ \  \__ \ \__ \ | _|  | |) |
   |_|   |___| |___/   |_|     |_|   /_/ \_\ |___/ |___/ |___| |___/ 

Completar el login con credenciales exitosas
----------------------------------------------------------------------
]]></system-out>
    <system-err><![CDATA[mar 17, 2025 6:08:18 P. M. org.openqa.selenium.devtools.CdpVersionFinder findNearestMatch
WARNING: Unable to find CDP implementation matching 134
mar 17, 2025 6:08:18 P. M. org.openqa.selenium.chromium.ChromiumDriver lambda$new$5
WARNING: Unable to find version of CDP to use for 134.0.6998.89. You may need to include a dependency on a specific version of the CDP using something similar to `org.seleniumhq.selenium:selenium-devtools-v86:4.23.1` where the version ("v86") matches the version of the chromium-based browser you're using and the version number of the artifact is the same as Selenium's.
]]></system-err>
  </testcase>
</testsuite>